<?xml version="1.0" encoding="UTF-8"?>
<testng-results skipped="1" failed="0" total="1" passed="0">
  <reporter-output>
  </reporter-output>
  <suite name="com.selenium.test.scripts.SmokeTests" duration-ms="2215" started-at="2020-04-18T19:05:12Z" finished-at="2020-04-18T19:05:14Z">
    <groups>
    </groups>
    <test name="Command line test" duration-ms="2215" started-at="2020-04-18T19:05:12Z" finished-at="2020-04-18T19:05:14Z">
      <class name="com.selenium.test.scripts.SmokeTests">
        <test-method status="PASS" signature="beforeAllTests()[pri:0, instance:com.selenium.test.scripts.SmokeTests@5ae9a829]" name="beforeAllTests" is-config="true" duration-ms="30" started-at="2020-04-18T15:05:12Z" finished-at="2020-04-18T15:05:12Z">
          <reporter-output>
          </reporter-output>
        </test-method> <!-- beforeAllTests -->
        <test-method status="FAIL" signature="set_up()[pri:0, instance:com.selenium.test.scripts.SmokeTests@5ae9a829]" name="set_up" is-config="true" duration-ms="0" started-at="2020-04-18T15:05:12Z" finished-at="2020-04-18T15:05:12Z">
          <exception class="java.lang.AssertionError">
            <message>
              <![CDATA[expected [true] but found [false]]]>
            </message>
            <full-stacktrace>
              <![CDATA[java.lang.AssertionError: expected [true] but found [false]
	at org.testng.Assert.fail(Assert.java:94)
	at org.testng.Assert.failNotEquals(Assert.java:494)
	at org.testng.Assert.assertTrue(Assert.java:42)
	at org.testng.Assert.assertTrue(Assert.java:52)
	at com.selenium.library.GlobalSeleniumLibrary.startRemoteBrowser(GlobalSeleniumLibrary.java:89)
	at com.selenium.library.Base.set_up(Base.java:34)
	at sun.reflect.NativeMethodAccessorImpl.invoke0(Native Method)
	at sun.reflect.NativeMethodAccessorImpl.invoke(NativeMethodAccessorImpl.java:62)
	at sun.reflect.DelegatingMethodAccessorImpl.invoke(DelegatingMethodAccessorImpl.java:43)
	at java.lang.reflect.Method.invoke(Method.java:498)
	at org.testng.internal.MethodInvocationHelper.invokeMethod(MethodInvocationHelper.java:80)
	at org.testng.internal.Invoker.invokeConfigurationMethod(Invoker.java:564)
	at org.testng.internal.Invoker.invokeConfigurations(Invoker.java:213)
	at org.testng.internal.Invoker.invokeMethod(Invoker.java:653)
	at org.testng.internal.Invoker.invokeTestMethod(Invoker.java:901)
	at org.testng.internal.Invoker.invokeTestMethods(Invoker.java:1231)
	at org.testng.internal.TestMethodWorker.invokeTestMethods(TestMethodWorker.java:127)
	at org.testng.internal.TestMethodWorker.run(TestMethodWorker.java:111)
	at org.testng.TestRunner.privateRun(TestRunner.java:767)
	at org.testng.TestRunner.run(TestRunner.java:617)
	at org.testng.SuiteRunner.runTest(SuiteRunner.java:334)
	at org.testng.SuiteRunner.runSequentially(SuiteRunner.java:329)
	at org.testng.SuiteRunner.privateRun(SuiteRunner.java:291)
	at org.testng.SuiteRunner.run(SuiteRunner.java:240)
	at org.testng.SuiteRunnerWorker.runSuite(SuiteRunnerWorker.java:52)
	at org.testng.SuiteRunnerWorker.run(SuiteRunnerWorker.java:86)
	at org.testng.TestNG.runSuitesSequentially(TestNG.java:1198)
	at org.testng.TestNG.runSuitesLocally(TestNG.java:1123)
	at org.testng.TestNG.run(TestNG.java:1031)
	at org.apache.maven.surefire.testng.TestNGExecutor.run(TestNGExecutor.java:77)
	at org.apache.maven.surefire.testng.TestNGDirectoryTestSuite.execute(TestNGDirectoryTestSuite.java:110)
	at org.apache.maven.surefire.testng.TestNGProvider.invoke(TestNGProvider.java:106)
	at sun.reflect.NativeMethodAccessorImpl.invoke0(Native Method)
	at sun.reflect.NativeMethodAccessorImpl.invoke(NativeMethodAccessorImpl.java:62)
	at sun.reflect.DelegatingMethodAccessorImpl.invoke(DelegatingMethodAccessorImpl.java:43)
	at java.lang.reflect.Method.invoke(Method.java:498)
	at org.apache.maven.surefire.util.ReflectionUtils.invokeMethodWithArray(ReflectionUtils.java:189)
	at org.apache.maven.surefire.booter.ProviderFactory$ProviderProxy.invoke(ProviderFactory.java:165)
	at org.apache.maven.surefire.booter.ProviderFactory.invokeProvider(ProviderFactory.java:85)
	at org.apache.maven.surefire.booter.ForkedBooter.runSuitesInProcess(ForkedBooter.java:115)
	at org.apache.maven.surefire.booter.ForkedBooter.main(ForkedBooter.java:75)
]]>
            </full-stacktrace>
          </exception> <!-- java.lang.AssertionError -->
          <reporter-output>
          </reporter-output>
        </test-method> <!-- set_up -->
        <test-method status="SKIP" signature="buyNightSkyCourse_Test()[pri:0, instance:com.selenium.test.scripts.SmokeTests@5ae9a829]" name="buyNightSkyCourse_Test" duration-ms="2" started-at="2020-04-18T15:05:14Z" finished-at="2020-04-18T15:05:14Z">
          <reporter-output>
          </reporter-output>
        </test-method> <!-- buyNightSkyCourse_Test -->
        <test-method status="SKIP" signature="tearDown(org.testng.ITestResult)[pri:0, instance:com.selenium.test.scripts.SmokeTests@5ae9a829]" name="tearDown" is-config="true" duration-ms="0" started-at="2020-04-18T15:05:14Z" finished-at="2020-04-18T15:05:14Z">
          <reporter-output>
          </reporter-output>
        </test-method> <!-- tearDown -->
        <test-method status="SKIP" signature="afterAllTests()[pri:0, instance:com.selenium.test.scripts.SmokeTests@5ae9a829]" name="afterAllTests" is-config="true" duration-ms="0" started-at="2020-04-18T15:05:14Z" finished-at="2020-04-18T15:05:14Z">
          <reporter-output>
          </reporter-output>
        </test-method> <!-- afterAllTests -->
      </class> <!-- com.selenium.test.scripts.SmokeTests -->
    </test> <!-- Command line test -->
  </suite> <!-- com.selenium.test.scripts.SmokeTests -->
</testng-results>
