<?xml version="1.0" encoding="UTF-8"?>
<!-- Generated by org.testng.reporters.JUnitXMLReporter -->
<testsuite hostname="DESKTOP-I88FHVL" name="Command line test" tests="1" failures="0" timestamp="18 Apr 2020 19:05:14 GMT" time="2.215" errors="0">
  <testcase name="@BeforeMethod set_up" time="0.0" classname="com.selenium.test.scripts.SmokeTests">
    <failure type="java.lang.AssertionError" message="expected [true] but found [false]">
      <![CDATA[java.lang.AssertionError: expected [true] but found [false]
	at com.selenium.library.GlobalSeleniumLibrary.startRemoteBrowser(GlobalSeleniumLibrary.java:89)
	at com.selenium.library.Base.set_up(Base.java:34)
	at org.apache.maven.surefire.testng.TestNGExecutor.run(TestNGExecutor.java:77)
	at org.apache.maven.surefire.testng.TestNGDirectoryTestSuite.execute(TestNGDirectoryTestSuite.java:110)
	at org.apache.maven.surefire.testng.TestNGProvider.invoke(TestNGProvider.java:106)
	at org.apache.maven.surefire.util.ReflectionUtils.invokeMethodWithArray(ReflectionUtils.java:189)
	at org.apache.maven.surefire.booter.ProviderFactory$ProviderProxy.invoke(ProviderFactory.java:165)
	at org.apache.maven.surefire.booter.ProviderFactory.invokeProvider(ProviderFactory.java:85)
	at org.apache.maven.surefire.booter.ForkedBooter.runSuitesInProcess(ForkedBooter.java:115)
	at org.apache.maven.surefire.booter.ForkedBooter.main(ForkedBooter.java:75)
... Removed 31 stack frames]]>
    </failure>
  </testcase> <!-- @BeforeMethod set_up -->
  <testcase name="@AfterMethod tearDown" time="0.0" classname="com.selenium.test.scripts.SmokeTests">
    <skipped/>
  </testcase> <!-- @AfterMethod tearDown -->
  <testcase name="@AfterClass afterAllTests" time="0.0" classname="com.selenium.test.scripts.SmokeTests">
    <skipped/>
  </testcase> <!-- @AfterClass afterAllTests -->
  <testcase name="buyNightSkyCourse_Test" time="0.002" classname="com.selenium.test.scripts.SmokeTests">
    <skipped/>
  </testcase> <!-- buyNightSkyCourse_Test -->
</testsuite> <!-- Command line test -->
